# JRE version: 7.0_11-b21
# Java VM: Java HotSpot(TM) 64-Bit Server VM (23.6-b04 mixed mode windows-amd64 compressed oops)
Heap
 PSYoungGen      total 69440K, used 13818K [0x00000007d64b0000, 0x00000007dadb0000, 0x0000000800000000)
  eden space 64128K, 13% used [0x00000007d64b0000,0x00000007d6d04f70,0x00000007da350000)
  from space 5312K, 99% used [0x00000007da880000,0x00000007dada9bc8,0x00000007dadb0000)
  to   space 5312K, 0% used [0x00000007da350000,0x00000007da350000,0x00000007da880000)
 ParOldGen       total 85440K, used 5998K [0x0000000782e00000, 0x0000000788170000, 0x00000007d64b0000)
  object space 85440K, 7% used [0x0000000782e00000,0x00000007833db838,0x0000000788170000)
 PSPermGen       total 21248K, used 19829K [0x000000077dc00000, 0x000000077f0c0000, 0x0000000782e00000)
  object space 21248K, 93% used [0x000000077dc00000,0x000000077ef5d718,0x000000077f0c0000)
GC Heap History (8 events):
Event: 8.836 GC heap before
{Heap before GC invocations=1 (full 0):
 PSYoungGen      total 37376K, used 32064K [0x00000007d64b0000, 0x00000007d8e60000, 0x0000000800000000)
  eden space 32064K, 100% used [0x00000007d64b0000,0x00000007d8400000,0x00000007d8400000)
  from space 5312K, 0% used [0x00000007d8930000,0x00000007d8930000,0x00000007d8e60000)
  to   space 5312K, 0% used [0x00000007d8400000,0x00000007d8400000,0x00000007d8930000)
 ParOldGen       total 85440K, used 0K [0x0000000782e00000, 0x0000000788170000, 0x00000007d64b0000)
  object space 85440K, 0% used [0x0000000782e00000,0x0000000782e00000,0x0000000788170000)
 PSPermGen       total 21248K, used 18084K [0x000000077dc00000, 0x000000077f0c0000, 0x0000000782e00000)
  object space 21248K, 85% used [0x000000077dc00000,0x000000077eda9018,0x000000077f0c0000)
Event: 8.867 GC heap after
Heap after GC invocations=1 (full 0):
 PSYoungGen      total 37376K, used 5286K [0x00000007d64b0000, 0x00000007d8e60000, 0x0000000800000000)
  eden space 32064K, 0% used [0x00000007d64b0000,0x00000007d64b0000,0x00000007d8400000)
  from space 5312K, 99% used [0x00000007d8400000,0x00000007d8929bd8,0x00000007d8930000)
  to   space 5312K, 0% used [0x00000007d8930000,0x00000007d8930000,0x00000007d8e60000)
 ParOldGen       total 85440K, used 2890K [0x0000000782e00000, 0x0000000788170000, 0x00000007d64b0000)
  object space 85440K, 3% used [0x0000000782e00000,0x00000007830d29f8,0x0000000788170000)
 PSPermGen       total 21248K, used 18084K [0x000000077dc00000, 0x000000077f0c0000, 0x0000000782e00000)
  object space 21248K, 85% used [0x000000077dc00000,0x000000077eda9018,0x000000077f0c0000)
}
Event: 10.876 GC heap before
{Heap before GC invocations=2 (full 0):
 PSYoungGen      total 37376K, used 37350K [0x00000007d64b0000, 0x00000007d8e60000, 0x0000000800000000)
  eden space 32064K, 100% used [0x00000007d64b0000,0x00000007d8400000,0x00000007d8400000)
  from space 5312K, 99% used [0x00000007d8400000,0x00000007d8929bd8,0x00000007d8930000)
  to   space 5312K, 0% used [0x00000007d8930000,0x00000007d8930000,0x00000007d8e60000)
 ParOldGen       total 85440K, used 2890K [0x0000000782e00000, 0x0000000788170000, 0x00000007d64b0000)
  object space 85440K, 3% used [0x0000000782e00000,0x00000007830d29f8,0x0000000788170000)
 PSPermGen       total 21248K, used 18236K [0x000000077dc00000, 0x000000077f0c0000, 0x0000000782e00000)
  object space 21248K, 85% used [0x000000077dc00000,0x000000077edcf2f0,0x000000077f0c0000)
Event: 10.895 GC heap after
Heap after GC invocations=2 (full 0):
 PSYoungGen      total 37376K, used 5302K [0x00000007d64b0000, 0x00000007d8e60000, 0x0000000800000000)
  eden space 32064K, 0% used [0x00000007d64b0000,0x00000007d64b0000,0x00000007d8400000)
  from space 5312K, 99% used [0x00000007d8930000,0x00000007d8e5dbc8,0x00000007d8e60000)
  to   space 5312K, 0% used [0x00000007d8400000,0x00000007d8400000,0x00000007d8930000)
 ParOldGen       total 85440K, used 3749K [0x0000000782e00000, 0x0000000788170000, 0x00000007d64b0000)
  object space 85440K, 4% used [0x0000000782e00000,0x00000007831a97b8,0x0000000788170000)
 PSPermGen       total 21248K, used 18236K [0x000000077dc00000, 0x000000077f0c0000, 0x0000000782e00000)
  object space 21248K, 85% used [0x000000077dc00000,0x000000077edcf2f0,0x000000077f0c0000)
}
Event: 11.599 GC heap before
{Heap before GC invocations=3 (full 0):
 PSYoungGen      total 37376K, used 37366K [0x00000007d64b0000, 0x00000007d8e60000, 0x0000000800000000)
  eden space 32064K, 100% used [0x00000007d64b0000,0x00000007d8400000,0x00000007d8400000)
  from space 5312K, 99% used [0x00000007d8930000,0x00000007d8e5dbc8,0x00000007d8e60000)
  to   space 5312K, 0% used [0x00000007d8400000,0x00000007d8400000,0x00000007d8930000)
 ParOldGen       total 85440K, used 3749K [0x0000000782e00000, 0x0000000788170000, 0x00000007d64b0000)
  object space 85440K, 4% used [0x0000000782e00000,0x00000007831a97b8,0x0000000788170000)
 PSPermGen       total 21248K, used 18248K [0x000000077dc00000, 0x000000077f0c0000, 0x0000000782e00000)
  object space 21248K, 85% used [0x000000077dc00000,0x000000077edd2370,0x000000077f0c0000)
Event: 11.614 GC heap after
Heap after GC invocations=3 (full 0):
 PSYoungGen      total 37376K, used 4998K [0x00000007d64b0000, 0x00000007dadb0000, 0x0000000800000000)
  eden space 32064K, 0% used [0x00000007d64b0000,0x00000007d64b0000,0x00000007d8400000)
  from space 5312K, 94% used [0x00000007d8400000,0x00000007d88e1be8,0x00000007d8930000)
  to   space 5312K, 0% used [0x00000007da880000,0x00000007da880000,0x00000007dadb0000)
 ParOldGen       total 85440K, used 4781K [0x0000000782e00000, 0x0000000788170000, 0x00000007d64b0000)
  object space 85440K, 5% used [0x0000000782e00000,0x00000007832ab7c8,0x0000000788170000)
 PSPermGen       total 21248K, used 18248K [0x000000077dc00000, 0x000000077f0c0000, 0x0000000782e00000)
  object space 21248K, 85% used [0x000000077dc00000,0x000000077edd2370,0x000000077f0c0000)
}
Event: 12.390 GC heap before
{Heap before GC invocations=4 (full 0):
 PSYoungGen      total 37376K, used 37062K [0x00000007d64b0000, 0x00000007dadb0000, 0x0000000800000000)
  eden space 32064K, 100% used [0x00000007d64b0000,0x00000007d8400000,0x00000007d8400000)
  from space 5312K, 94% used [0x00000007d8400000,0x00000007d88e1be8,0x00000007d8930000)
  to   space 5312K, 0% used [0x00000007da880000,0x00000007da880000,0x00000007dadb0000)
 ParOldGen       total 85440K, used 4781K [0x0000000782e00000, 0x0000000788170000, 0x00000007d64b0000)
  object space 85440K, 5% used [0x0000000782e00000,0x00000007832ab7c8,0x0000000788170000)
 PSPermGen       total 21248K, used 18281K [0x000000077dc00000, 0x000000077f0c0000, 0x0000000782e00000)
  object space 21248K, 86% used [0x000000077dc00000,0x000000077edda4c0,0x000000077f0c0000)
Event: 12.410 GC heap after
Heap after GC invocations=4 (full 0):
 PSYoungGen      total 69440K, used 5286K [0x00000007d64b0000, 0x00000007dadb0000, 0x0000000800000000)
  eden space 64128K, 0% used [0x00000007d64b0000,0x00000007d64b0000,0x00000007da350000)
  from space 5312K, 99% used [0x00000007da880000,0x00000007dada9bc8,0x00000007dadb0000)
  to   space 5312K, 0% used [0x00000007da350000,0x00000007da350000,0x00000007da880000)
 ParOldGen       total 85440K, used 5998K [0x0000000782e00000, 0x0000000788170000, 0x00000007d64b0000)
  object space 85440K, 7% used [0x0000000782e00000,0x00000007833db838,0x0000000788170000)
 PSPermGen       total 21248K, used 18281K [0x000000077dc00000, 0x000000077f0c0000, 0x0000000782e00000)
  object space 21248K, 86% used [0x000000077dc00000,0x000000077edda4c0,0x000000077f0c0000)
}

