# JRE version: 7.0_11-b21
# Java VM: Java HotSpot(TM) 64-Bit Server VM (23.6-b04 mixed mode windows-amd64 compressed oops)
Heap
 PSYoungGen      total 69440K, used 13810K [0x00000007d64b0000, 0x00000007dadb0000, 0x0000000800000000)
  eden space 64128K, 13% used [0x00000007d64b0000,0x00000007d6d03ca8,0x00000007da350000)
  from space 5312K, 99% used [0x00000007da880000,0x00000007dada8bc8,0x00000007dadb0000)
  to   space 5312K, 0% used [0x00000007da350000,0x00000007da350000,0x00000007da880000)
 ParOldGen       total 85440K, used 6057K [0x0000000782e00000, 0x0000000788170000, 0x00000007d64b0000)
  object space 85440K, 7% used [0x0000000782e00000,0x00000007833ea650,0x0000000788170000)
 PSPermGen       total 21248K, used 19846K [0x000000077dc00000, 0x000000077f0c0000, 0x0000000782e00000)
  object space 21248K, 93% used [0x000000077dc00000,0x000000077ef61b78,0x000000077f0c0000)
GC Heap History (8 events):
Event: 9.626 GC heap before
{Heap before GC invocations=1 (full 0):
 PSYoungGen      total 37376K, used 32064K [0x00000007d64b0000, 0x00000007d8e60000, 0x0000000800000000)
  eden space 32064K, 100% used [0x00000007d64b0000,0x00000007d8400000,0x00000007d8400000)
  from space 5312K, 0% used [0x00000007d8930000,0x00000007d8930000,0x00000007d8e60000)
  to   space 5312K, 0% used [0x00000007d8400000,0x00000007d8400000,0x00000007d8930000)
 ParOldGen       total 85440K, used 0K [0x0000000782e00000, 0x0000000788170000, 0x00000007d64b0000)
  object space 85440K, 0% used [0x0000000782e00000,0x0000000782e00000,0x0000000788170000)
 PSPermGen       total 21248K, used 18100K [0x000000077dc00000, 0x000000077f0c0000, 0x0000000782e00000)
  object space 21248K, 85% used [0x000000077dc00000,0x000000077edad388,0x000000077f0c0000)
Event: 9.654 GC heap after
Heap after GC invocations=1 (full 0):
 PSYoungGen      total 37376K, used 5286K [0x00000007d64b0000, 0x00000007d8e60000, 0x0000000800000000)
  eden space 32064K, 0% used [0x00000007d64b0000,0x00000007d64b0000,0x00000007d8400000)
  from space 5312K, 99% used [0x00000007d8400000,0x00000007d8929bd8,0x00000007d8930000)
  to   space 5312K, 0% used [0x00000007d8930000,0x00000007d8930000,0x00000007d8e60000)
 ParOldGen       total 85440K, used 2914K [0x0000000782e00000, 0x0000000788170000, 0x00000007d64b0000)
  object space 85440K, 3% used [0x0000000782e00000,0x00000007830d89b8,0x0000000788170000)
 PSPermGen       total 21248K, used 18100K [0x000000077dc00000, 0x000000077f0c0000, 0x0000000782e00000)
  object space 21248K, 85% used [0x000000077dc00000,0x000000077edad388,0x000000077f0c0000)
}
Event: 11.702 GC heap before
{Heap before GC invocations=2 (full 0):
 PSYoungGen      total 37376K, used 37350K [0x00000007d64b0000, 0x00000007d8e60000, 0x0000000800000000)
  eden space 32064K, 100% used [0x00000007d64b0000,0x00000007d8400000,0x00000007d8400000)
  from space 5312K, 99% used [0x00000007d8400000,0x00000007d8929bd8,0x00000007d8930000)
  to   space 5312K, 0% used [0x00000007d8930000,0x00000007d8930000,0x00000007d8e60000)
 ParOldGen       total 85440K, used 2914K [0x0000000782e00000, 0x0000000788170000, 0x00000007d64b0000)
  object space 85440K, 3% used [0x0000000782e00000,0x00000007830d89b8,0x0000000788170000)
 PSPermGen       total 21248K, used 18253K [0x000000077dc00000, 0x000000077f0c0000, 0x0000000782e00000)
  object space 21248K, 85% used [0x000000077dc00000,0x000000077edd3548,0x000000077f0c0000)
Event: 11.723 GC heap after
Heap after GC invocations=2 (full 0):
 PSYoungGen      total 37376K, used 5302K [0x00000007d64b0000, 0x00000007d8e60000, 0x0000000800000000)
  eden space 32064K, 0% used [0x00000007d64b0000,0x00000007d64b0000,0x00000007d8400000)
  from space 5312K, 99% used [0x00000007d8930000,0x00000007d8e5db40,0x00000007d8e60000)
  to   space 5312K, 0% used [0x00000007d8400000,0x00000007d8400000,0x00000007d8930000)
 ParOldGen       total 85440K, used 3785K [0x0000000782e00000, 0x0000000788170000, 0x00000007d64b0000)
  object space 85440K, 4% used [0x0000000782e00000,0x00000007831b2610,0x0000000788170000)
 PSPermGen       total 21248K, used 18253K [0x000000077dc00000, 0x000000077f0c0000, 0x0000000782e00000)
  object space 21248K, 85% used [0x000000077dc00000,0x000000077edd3548,0x000000077f0c0000)
}
Event: 12.453 GC heap before
{Heap before GC invocations=3 (full 0):
 PSYoungGen      total 37376K, used 37366K [0x00000007d64b0000, 0x00000007d8e60000, 0x0000000800000000)
  eden space 32064K, 100% used [0x00000007d64b0000,0x00000007d8400000,0x00000007d8400000)
  from space 5312K, 99% used [0x00000007d8930000,0x00000007d8e5db40,0x00000007d8e60000)
  to   space 5312K, 0% used [0x00000007d8400000,0x00000007d8400000,0x00000007d8930000)
 ParOldGen       total 85440K, used 3785K [0x0000000782e00000, 0x0000000788170000, 0x00000007d64b0000)
  object space 85440K, 4% used [0x0000000782e00000,0x00000007831b2610,0x0000000788170000)
 PSPermGen       total 21248K, used 18265K [0x000000077dc00000, 0x000000077f0c0000, 0x0000000782e00000)
  object space 21248K, 85% used [0x000000077dc00000,0x000000077edd64a8,0x000000077f0c0000)
Event: 12.469 GC heap after
Heap after GC invocations=3 (full 0):
 PSYoungGen      total 37376K, used 5298K [0x00000007d64b0000, 0x00000007dadb0000, 0x0000000800000000)
  eden space 32064K, 0% used [0x00000007d64b0000,0x00000007d64b0000,0x00000007d8400000)
  from space 5312K, 99% used [0x00000007d8400000,0x00000007d892cb30,0x00000007d8930000)
  to   space 5312K, 0% used [0x00000007da880000,0x00000007da880000,0x00000007dadb0000)
 ParOldGen       total 85440K, used 4421K [0x0000000782e00000, 0x0000000788170000, 0x00000007d64b0000)
  object space 85440K, 5% used [0x0000000782e00000,0x0000000783251640,0x0000000788170000)
 PSPermGen       total 21248K, used 18265K [0x000000077dc00000, 0x000000077f0c0000, 0x0000000782e00000)
  object space 21248K, 85% used [0x000000077dc00000,0x000000077edd64a8,0x000000077f0c0000)
}
Event: 13.271 GC heap before
{Heap before GC invocations=4 (full 0):
 PSYoungGen      total 37376K, used 37362K [0x00000007d64b0000, 0x00000007dadb0000, 0x0000000800000000)
  eden space 32064K, 100% used [0x00000007d64b0000,0x00000007d8400000,0x00000007d8400000)
  from space 5312K, 99% used [0x00000007d8400000,0x00000007d892cb30,0x00000007d8930000)
  to   space 5312K, 0% used [0x00000007da880000,0x00000007da880000,0x00000007dadb0000)
 ParOldGen       total 85440K, used 4421K [0x0000000782e00000, 0x0000000788170000, 0x00000007d64b0000)
  object space 85440K, 5% used [0x0000000782e00000,0x0000000783251640,0x0000000788170000)
 PSPermGen       total 21248K, used 18297K [0x000000077dc00000, 0x000000077f0c0000, 0x0000000782e00000)
  object space 21248K, 86% used [0x000000077dc00000,0x000000077edde5d8,0x000000077f0c0000)
Event: 13.294 GC heap after
Heap after GC invocations=4 (full 0):
 PSYoungGen      total 69440K, used 5282K [0x00000007d64b0000, 0x00000007dadb0000, 0x0000000800000000)
  eden space 64128K, 0% used [0x00000007d64b0000,0x00000007d64b0000,0x00000007da350000)
  from space 5312K, 99% used [0x00000007da880000,0x00000007dada8bc8,0x00000007dadb0000)
  to   space 5312K, 0% used [0x00000007da350000,0x00000007da350000,0x00000007da880000)
 ParOldGen       total 85440K, used 6057K [0x0000000782e00000, 0x0000000788170000, 0x00000007d64b0000)
  object space 85440K, 7% used [0x0000000782e00000,0x00000007833ea650,0x0000000788170000)
 PSPermGen       total 21248K, used 18297K [0x000000077dc00000, 0x000000077f0c0000, 0x0000000782e00000)
  object space 21248K, 86% used [0x000000077dc00000,0x000000077edde5d8,0x000000077f0c0000)
}

