# JRE version: 7.0_11-b21
# Java VM: Java HotSpot(TM) 64-Bit Server VM (23.6-b04 mixed mode windows-amd64 compressed oops)
Heap
 PSYoungGen      total 274240K, used 169957K [0x00000007d5960000, 0x00000007e7260000, 0x0000000800000000)
  eden space 260928K, 61% used [0x00000007d5960000,0x00000007df5bd670,0x00000007e5830000)
  from space 13312K, 73% used [0x00000007e6540000,0x00000007e6edc010,0x00000007e7240000)
  to   space 13376K, 0% used [0x00000007e5830000,0x00000007e5830000,0x00000007e6540000)
 ParOldGen       total 86848K, used 16574K [0x0000000780c00000, 0x00000007860d0000, 0x00000007d5960000)
  object space 86848K, 19% used [0x0000000780c00000,0x0000000781c2fa20,0x00000007860d0000)
 PSPermGen       total 21248K, used 20351K [0x000000077ba00000, 0x000000077cec0000, 0x0000000780c00000)
  object space 21248K, 95% used [0x000000077ba00000,0x000000077cddfdd8,0x000000077cec0000)
GC Heap History (10 events):
Event: 6.709 GC heap before
{Heap before GC invocations=4 (full 0):
 PSYoungGen      total 38016K, used 37990K [0x00000007d5960000, 0x00000007da3a0000, 0x0000000800000000)
  eden space 32640K, 100% used [0x00000007d5960000,0x00000007d7940000,0x00000007d7940000)
  from space 5376K, 99% used [0x00000007d7940000,0x00000007d7e79a20,0x00000007d7e80000)
  to   space 5376K, 0% used [0x00000007d9e60000,0x00000007d9e60000,0x00000007da3a0000)
 ParOldGen       total 86848K, used 4076K [0x0000000780c00000, 0x00000007860d0000, 0x00000007d5960000)
  object space 86848K, 4% used [0x0000000780c00000,0x0000000780ffb060,0x00000007860d0000)
 PSPermGen       total 21248K, used 18552K [0x000000077ba00000, 0x000000077cec0000, 0x0000000780c00000)
  object space 21248K, 87% used [0x000000077ba00000,0x000000077cc1e0c0,0x000000077cec0000)
Event: 6.713 GC heap after
Heap after GC invocations=4 (full 0):
 PSYoungGen      total 70656K, used 5366K [0x00000007d5960000, 0x00000007da3a0000, 0x0000000800000000)
  eden space 65280K, 0% used [0x00000007d5960000,0x00000007d5960000,0x00000007d9920000)
  from space 5376K, 99% used [0x00000007d9e60000,0x00000007da39da10,0x00000007da3a0000)
  to   space 5376K, 0% used [0x00000007d9920000,0x00000007d9920000,0x00000007d9e60000)
 ParOldGen       total 86848K, used 5510K [0x0000000780c00000, 0x00000007860d0000, 0x00000007d5960000)
  object space 86848K, 6% used [0x0000000780c00000,0x0000000781161990,0x00000007860d0000)
 PSPermGen       total 21248K, used 18552K [0x000000077ba00000, 0x000000077cec0000, 0x0000000780c00000)
  object space 21248K, 87% used [0x000000077ba00000,0x000000077cc1e0c0,0x000000077cec0000)
}
Event: 7.534 GC heap before
{Heap before GC invocations=5 (full 0):
 PSYoungGen      total 70656K, used 70646K [0x00000007d5960000, 0x00000007da3a0000, 0x0000000800000000)
  eden space 65280K, 100% used [0x00000007d5960000,0x00000007d9920000,0x00000007d9920000)
  from space 5376K, 99% used [0x00000007d9e60000,0x00000007da39da10,0x00000007da3a0000)
  to   space 5376K, 0% used [0x00000007d9920000,0x00000007d9920000,0x00000007d9e60000)
 ParOldGen       total 86848K, used 5510K [0x0000000780c00000, 0x00000007860d0000, 0x00000007d5960000)
  object space 86848K, 6% used [0x0000000780c00000,0x0000000781161990,0x00000007860d0000)
 PSPermGen       total 21248K, used 18679K [0x000000077ba00000, 0x000000077cec0000, 0x0000000780c00000)
  object space 21248K, 87% used [0x000000077ba00000,0x000000077cc3dec8,0x000000077cec0000)
Event: 7.540 GC heap after
Heap after GC invocations=5 (full 0):
 PSYoungGen      total 70656K, used 5350K [0x00000007d5960000, 0x00000007de960000, 0x0000000800000000)
  eden space 65280K, 0% used [0x00000007d5960000,0x00000007d5960000,0x00000007d9920000)
  from space 5376K, 99% used [0x00000007d9920000,0x00000007d9e59a00,0x00000007d9e60000)
  to   space 8448K, 0% used [0x00000007de120000,0x00000007de120000,0x00000007de960000)
 ParOldGen       total 86848K, used 7720K [0x0000000780c00000, 0x00000007860d0000, 0x00000007d5960000)
  object space 86848K, 8% used [0x0000000780c00000,0x000000078138a230,0x00000007860d0000)
 PSPermGen       total 21248K, used 18679K [0x000000077ba00000, 0x000000077cec0000, 0x0000000780c00000)
  object space 21248K, 87% used [0x000000077ba00000,0x000000077cc3dec8,0x000000077cec0000)
}
Event: 7.995 GC heap before
{Heap before GC invocations=6 (full 0):
 PSYoungGen      total 70656K, used 70630K [0x00000007d5960000, 0x00000007de960000, 0x0000000800000000)
  eden space 65280K, 100% used [0x00000007d5960000,0x00000007d9920000,0x00000007d9920000)
  from space 5376K, 99% used [0x00000007d9920000,0x00000007d9e59a00,0x00000007d9e60000)
  to   space 8448K, 0% used [0x00000007de120000,0x00000007de120000,0x00000007de960000)
 ParOldGen       total 86848K, used 7720K [0x0000000780c00000, 0x00000007860d0000, 0x00000007d5960000)
  object space 86848K, 8% used [0x0000000780c00000,0x000000078138a230,0x00000007860d0000)
 PSPermGen       total 21248K, used 18717K [0x000000077ba00000, 0x000000077cec0000, 0x0000000780c00000)
  object space 21248K, 88% used [0x000000077ba00000,0x000000077cc47680,0x000000077cec0000)
Event: 8.001 GC heap after
Heap after GC invocations=6 (full 0):
 PSYoungGen      total 138944K, used 7494K [0x00000007d5960000, 0x00000007de980000, 0x0000000800000000)
  eden space 130496K, 0% used [0x00000007d5960000,0x00000007d5960000,0x00000007dd8d0000)
  from space 8448K, 88% used [0x00000007de120000,0x00000007de871a00,0x00000007de960000)
  to   space 8512K, 0% used [0x00000007dd8d0000,0x00000007dd8d0000,0x00000007de120000)
 ParOldGen       total 86848K, used 7720K [0x0000000780c00000, 0x00000007860d0000, 0x00000007d5960000)
  object space 86848K, 8% used [0x0000000780c00000,0x000000078138a230,0x00000007860d0000)
 PSPermGen       total 21248K, used 18717K [0x000000077ba00000, 0x000000077cec0000, 0x0000000780c00000)
  object space 21248K, 88% used [0x000000077ba00000,0x000000077cc47680,0x000000077cec0000)
}
Event: 8.638 GC heap before
{Heap before GC invocations=7 (full 0):
 PSYoungGen      total 138944K, used 137990K [0x00000007d5960000, 0x00000007de980000, 0x0000000800000000)
  eden space 130496K, 100% used [0x00000007d5960000,0x00000007dd8d0000,0x00000007dd8d0000)
  from space 8448K, 88% used [0x00000007de120000,0x00000007de871a00,0x00000007de960000)
  to   space 8512K, 0% used [0x00000007dd8d0000,0x00000007dd8d0000,0x00000007de120000)
 ParOldGen       total 86848K, used 7720K [0x0000000780c00000, 0x00000007860d0000, 0x00000007d5960000)
  object space 86848K, 8% used [0x0000000780c00000,0x000000078138a230,0x00000007860d0000)
 PSPermGen       total 21248K, used 18761K [0x000000077ba00000, 0x000000077cec0000, 0x0000000780c00000)
  object space 21248K, 88% used [0x000000077ba00000,0x000000077cc524e8,0x000000077cec0000)
Event: 8.652 GC heap after
Heap after GC invocations=7 (full 0):
 PSYoungGen      total 139008K, used 8512K [0x00000007d5960000, 0x00000007e7240000, 0x0000000800000000)
  eden space 130496K, 0% used [0x00000007d5960000,0x00000007d5960000,0x00000007dd8d0000)
  from space 8512K, 100% used [0x00000007dd8d0000,0x00000007de120000,0x00000007de120000)
  to   space 13312K, 0% used [0x00000007e6540000,0x00000007e6540000,0x00000007e7240000)
 ParOldGen       total 86848K, used 16206K [0x0000000780c00000, 0x00000007860d0000, 0x00000007d5960000)
  object space 86848K, 18% used [0x0000000780c00000,0x0000000781bd3a20,0x00000007860d0000)
 PSPermGen       total 21248K, used 18761K [0x000000077ba00000, 0x000000077cec0000, 0x0000000780c00000)
  object space 21248K, 88% used [0x000000077ba00000,0x000000077cc524e8,0x000000077cec0000)
}
Event: 9.612 GC heap before
{Heap before GC invocations=8 (full 0):
 PSYoungGen      total 139008K, used 139008K [0x00000007d5960000, 0x00000007e7240000, 0x0000000800000000)
  eden space 130496K, 100% used [0x00000007d5960000,0x00000007dd8d0000,0x00000007dd8d0000)
  from space 8512K, 100% used [0x00000007dd8d0000,0x00000007de120000,0x00000007de120000)
  to   space 13312K, 0% used [0x00000007e6540000,0x00000007e6540000,0x00000007e7240000)
 ParOldGen       total 86848K, used 16206K [0x0000000780c00000, 0x00000007860d0000, 0x00000007d5960000)
  object space 86848K, 18% used [0x0000000780c00000,0x0000000781bd3a20,0x00000007860d0000)
 PSPermGen       total 21248K, used 18789K [0x000000077ba00000, 0x000000077cec0000, 0x0000000780c00000)
  object space 21248K, 88% used [0x000000077ba00000,0x000000077cc595c8,0x000000077cec0000)
Event: 9.621 GC heap after
Heap after GC invocations=8 (full 0):
 PSYoungGen      total 274240K, used 9840K [0x00000007d5960000, 0x00000007e7260000, 0x0000000800000000)
  eden space 260928K, 0% used [0x00000007d5960000,0x00000007d5960000,0x00000007e5830000)
  from space 13312K, 73% used [0x00000007e6540000,0x00000007e6edc010,0x00000007e7240000)
  to   space 13376K, 0% used [0x00000007e5830000,0x00000007e5830000,0x00000007e6540000)
 ParOldGen       total 86848K, used 16574K [0x0000000780c00000, 0x00000007860d0000, 0x00000007d5960000)
  object space 86848K, 19% used [0x0000000780c00000,0x0000000781c2fa20,0x00000007860d0000)
 PSPermGen       total 21248K, used 18789K [0x000000077ba00000, 0x000000077cec0000, 0x0000000780c00000)
  object space 21248K, 88% used [0x000000077ba00000,0x000000077cc595c8,0x000000077cec0000)
}

